1596785352.682505 client started (117663): version 3.1b, socket /tmp/tmux-1000/default, protocol 8
1596785352.682565 on Linux 5.7.12-arch1-1 #1 SMP PREEMPT Fri, 31 Jul 2020 17:38:22 +0000; libevent 2.1.12-stable (poll)
1596785352.682595 socket is /tmp/tmux-1000/default
1596785352.682615 trying connect
1596785352.682746 add peer 0x55fad7119f90: 6 ((nil))
1596785352.682910 sending message 100 to peer 0x55fad7119f90 (4 bytes)
1596785352.682926 sending message 101 to peer 0x55fad7119f90 (14 bytes)
1596785352.682935 sending message 102 to peer 0x55fad7119f90 (11 bytes)
1596785352.682944 sending message 108 to peer 0x55fad7119f90 (49 bytes)
1596785352.682955 sending message 104 to peer 0x55fad7119f90 (0 bytes)
1596785352.682966 sending message 107 to peer 0x55fad7119f90 (4 bytes)
1596785352.682975 sending message 105 to peer 0x55fad7119f90 (40 bytes)
1596785352.682985 sending message 105 to peer 0x55fad7119f90 (16 bytes)
1596785352.682995 sending message 105 to peer 0x55fad7119f90 (20 bytes)
1596785352.683003 sending message 105 to peer 0x55fad7119f90 (54 bytes)
1596785352.683012 sending message 105 to peer 0x55fad7119f90 (11 bytes)
1596785352.683020 sending message 105 to peer 0x55fad7119f90 (12 bytes)
1596785352.683032 sending message 105 to peer 0x55fad7119f90 (299 bytes)
1596785352.683041 sending message 105 to peer 0x55fad7119f90 (21 bytes)
1596785352.683051 sending message 105 to peer 0x55fad7119f90 (19 bytes)
1596785352.683060 sending message 105 to peer 0x55fad7119f90 (17 bytes)
1596785352.683069 sending message 105 to peer 0x55fad7119f90 (21 bytes)
1596785352.683077 sending message 105 to peer 0x55fad7119f90 (16 bytes)
1596785352.683086 sending message 105 to peer 0x55fad7119f90 (46 bytes)
1596785352.683094 sending message 105 to peer 0x55fad7119f90 (47 bytes)
1596785352.683125 sending message 105 to peer 0x55fad7119f90 (23 bytes)
1596785352.683134 sending message 105 to peer 0x55fad7119f90 (17 bytes)
1596785352.683143 sending message 105 to peer 0x55fad7119f90 (19 bytes)
1596785352.683151 sending message 105 to peer 0x55fad7119f90 (25 bytes)
1596785352.683160 sending message 105 to peer 0x55fad7119f90 (25 bytes)
1596785352.683168 sending message 105 to peer 0x55fad7119f90 (21 bytes)
1596785352.683176 sending message 105 to peer 0x55fad7119f90 (21 bytes)
1596785352.683185 sending message 105 to peer 0x55fad7119f90 (28 bytes)
1596785352.683193 sending message 105 to peer 0x55fad7119f90 (21 bytes)
1596785352.683209 sending message 105 to peer 0x55fad7119f90 (25 bytes)
1596785352.683218 sending message 105 to peer 0x55fad7119f90 (13 bytes)
1596785352.683227 sending message 105 to peer 0x55fad7119f90 (1519 bytes)
1596785352.683263 sending message 105 to peer 0x55fad7119f90 (26 bytes)
1596785352.683273 sending message 105 to peer 0x55fad7119f90 (21 bytes)
1596785352.683282 sending message 105 to peer 0x55fad7119f90 (49 bytes)
1596785352.683291 sending message 105 to peer 0x55fad7119f90 (11 bytes)
1596785352.683301 sending message 105 to peer 0x55fad7119f90 (636 bytes)
1596785352.683311 sending message 105 to peer 0x55fad7119f90 (53 bytes)
1596785352.683320 sending message 105 to peer 0x55fad7119f90 (19 bytes)
1596785352.683329 sending message 105 to peer 0x55fad7119f90 (8 bytes)
1596785352.683338 sending message 105 to peer 0x55fad7119f90 (48 bytes)
1596785352.683375 sending message 105 to peer 0x55fad7119f90 (19 bytes)
1596785352.683394 sending message 105 to peer 0x55fad7119f90 (19 bytes)
1596785352.683404 sending message 105 to peer 0x55fad7119f90 (37 bytes)
1596785352.683417 sending message 105 to peer 0x55fad7119f90 (13 bytes)
1596785352.683427 sending message 105 to peer 0x55fad7119f90 (10 bytes)
1596785352.683437 sending message 105 to peer 0x55fad7119f90 (12 bytes)
1596785352.683445 sending message 105 to peer 0x55fad7119f90 (26 bytes)
1596785352.683454 sending message 105 to peer 0x55fad7119f90 (16 bytes)
1596785352.683463 sending message 105 to peer 0x55fad7119f90 (31 bytes)
1596785352.683473 sending message 105 to peer 0x55fad7119f90 (15 bytes)
1596785352.683482 sending message 105 to peer 0x55fad7119f90 (23 bytes)
1596785352.683513 sending message 105 to peer 0x55fad7119f90 (17 bytes)
1596785352.683523 sending message 105 to peer 0x55fad7119f90 (21 bytes)
1596785352.683532 sending message 105 to peer 0x55fad7119f90 (11 bytes)
1596785352.683541 sending message 105 to peer 0x55fad7119f90 (16 bytes)
1596785352.683549 sending message 106 to peer 0x55fad7119f90 (0 bytes)
1596785352.683560 sending message 200 to peer 0x55fad7119f90 (4 bytes)
1596785352.683569 client loop enter
1596785352.691468 peer 0x55fad7119f90 message 303
1596785352.691503 open write file 2 -
1596785352.691530 sending message 305 to peer 0x55fad7119f90 (8 bytes)
1596785352.691972 peer 0x55fad7119f90 message 304
1596785352.691998 write 58 to file 2
1596785352.692015 peer 0x55fad7119f90 message 203
1596785352.692024 file 2 58 bytes left
1596785352.692068 client loop exit
